{"numTotalTestSuites":1,"numPassedTestSuites":0,"numFailedTestSuites":1,"numPendingTestSuites":0,"numTotalTests":0,"numPassedTests":0,"numFailedTests":0,"numPendingTests":0,"numTodoTests":0,"startTime":1751449997939,"success":false,"testResults":[{"assertionResults":[],"startTime":1751449997939,"endTime":1751449997939,"status":"failed","message":"Transform failed with 2 errors:\n/home/pronit/workspace/edtech-platform/e2e-tests/utils/test-helpers.ts:153:22: ERROR: Multiple exports with the same name \"takeScreenshot\"\n/home/pronit/workspace/edtech-platform/e2e-tests/utils/test-helpers.ts:153:22: ERROR: The symbol \"takeScreenshot\" has already been declared","name":"/home/pronit/workspace/edtech-platform/e2e-tests/tests/06-student-workflow.test.ts"}]}